<?xml version="1.0" encoding="UTF-8"?>
<testsuite name="com.app.JwtServiceApplicationTests" tests="1" skipped="1" failures="0" errors="0" timestamp="2024-09-05T01:58:31" hostname="DESKTOP-0QFIDOR" time="0.0">
  <properties/>
  <testcase name="contextLoads()" classname="com.app.JwtServiceApplicationTests" time="0.0">
    <skipped/>
  </testcase>
  <system-out><![CDATA[]]></system-out>
  <system-err><![CDATA[]]></system-err>
</testsuite>
